<?xml version="1.0" encoding="UTF-8"?>
<!-- Generated by org.testng.reporters.JUnitXMLReporter -->
<testsuite hostname="Shivansh-PC" name="Test" tests="3" failures="0" timestamp="16 Jan 2023 02:17:41 GMT" time="39.069" errors="0">
  <testcase name="verifyLogOut" time="9.447" classname="testcases.LoginTestCase"/>
  <testcase name="verifyValidLogin" time="4.366" classname="testcases.LoginTestCase"/>
  <testcase name="readExcelFile" time="0.011" classname="testcases.VerifyExcel"/>
</testsuite> <!-- Test -->
