<?xml version="1.0" encoding="UTF-8"?>
<testsuite xmlns:xsi="http://www.w3.org/2001/XMLSchema-instance" xsi:noNamespaceSchemaLocation="https://maven.apache.org/surefire/maven-surefire-plugin/xsd/surefire-test-report-3.0.xsd" version="3.0" name="TestSuite" time="106.112" tests="7" errors="0" skipped="0" failures="0">
  <properties>
[...]
</properties>
  <testcase name="verifyLogOut[admin, admin](1)" classname="testcases.LoginTestCase" time="9.461">
    <system-err><![CDATA[ERROR StatusLogger Log4j2 could not find a logging implementation. Please add log4j-core to the classpath. Using SimpleLogger to log to the console...
SLF4J: Failed to load class "org.slf4j.impl.StaticLoggerBinder".
SLF4J: Defaulting to no-operation (NOP) logger implementation
SLF4J: See http://www.slf4j.org/codes.html#StaticLoggerBinder for further details.
Starting ChromeDriver 108.0.5359.71 (1e0e3868ee06e91ad636a874420e3ca3ae3756ac-refs/branch-heads/5359@{#1016}) on port 7283
Only local connections are allowed.
Please see https://chromedriver.chromium.org/security-considerations for suggestions on keeping ChromeDriver safe.
ChromeDriver was started successfully.
[1673835427.076][WARNING]: This version of ChromeDriver has not been tested with Chrome version 109.
Jan 16, 2023 7:47:07 AM org.openqa.selenium.devtools.CdpVersionFinder findNearestMatch
WARNING: Unable to find an exact match for CDP version 109, so returning the closest version found: 107
]]></system-err>
  </testcase>
  <testcase name="verifyLogOut[admin, admin](1)" classname="testcases.LoginTestCase" time="11.026">
    <system-err><![CDATA[Starting ChromeDriver 108.0.5359.71 (1e0e3868ee06e91ad636a874420e3ca3ae3756ac-refs/branch-heads/5359@{#1016}) on port 26774
Only local connections are allowed.
Please see https://chromedriver.chromium.org/security-considerations for suggestions on keeping ChromeDriver safe.
ChromeDriver was started successfully.
[1673835485.978][WARNING]: This version of ChromeDriver has not been tested with Chrome version 109.
Jan 16, 2023 7:48:06 AM org.openqa.selenium.devtools.CdpVersionFinder findNearestMatch
WARNING: Unable to find an exact match for CDP version 109, so returning the closest version found: 107
]]></system-err>
  </testcase>
  <testcase name="verifyValidLogin" classname="testcases.LoginTestCase" time="4.368">
    <system-err><![CDATA[Starting ChromeDriver 108.0.5359.71 (1e0e3868ee06e91ad636a874420e3ca3ae3756ac-refs/branch-heads/5359@{#1016}) on port 26591
Only local connections are allowed.
Please see https://chromedriver.chromium.org/security-considerations for suggestions on keeping ChromeDriver safe.
ChromeDriver was started successfully.
[1673835449.277][WARNING]: This version of ChromeDriver has not been tested with Chrome version 109.
Jan 16, 2023 7:47:29 AM org.openqa.selenium.devtools.CdpVersionFinder findNearestMatch
WARNING: Unable to find an exact match for CDP version 109, so returning the closest version found: 107
]]></system-err>
  </testcase>
  <testcase name="verifyValidLogin" classname="testcases.LoginTestCase" time="5.427">
    <system-err><![CDATA[Starting ChromeDriver 108.0.5359.71 (1e0e3868ee06e91ad636a874420e3ca3ae3756ac-refs/branch-heads/5359@{#1016}) on port 35884
Only local connections are allowed.
Please see https://chromedriver.chromium.org/security-considerations for suggestions on keeping ChromeDriver safe.
ChromeDriver was started successfully.
[1673835514.304][WARNING]: This version of ChromeDriver has not been tested with Chrome version 109.
Jan 16, 2023 7:48:34 AM org.openqa.selenium.devtools.CdpVersionFinder findNearestMatch
WARNING: Unable to find an exact match for CDP version 109, so returning the closest version found: 107
]]></system-err>
  </testcase>
  <testcase name="readExcelFile" classname="testcases.VerifyExcel" time="0.074"/>
  <testcase name="readExcelFile" classname="testcases.VerifyExcel" time="0.003"/>
  <testcase name="brokenLinks" classname="testcases.FindBrokenLinksTestCase" time="15.606">
    <system-out><![CDATA[Number of links are 25
https://mail.google.com/mail/&ogbl : 200 : working fine
https://www.google.co.in/imghp?hl=en&ogbl : 200 : working fine
https://www.google.co.in/intl/en/about/products : 200 : working fine
https://accounts.google.com/ServiceLogin?hl=en&passive=true&continue=https://www.google.com/&ec=GAZAmgQ : 200 : working fine
https://www.google.com/# : 200 : working fine
https://www.google.com/setprefs?sig=0_7TBV_2twrB96ZQxiU7iYMSTAchM%3D&hl=hi&source=homepage&sa=X&ved=0ahUKEwiz-t-Cg8v8AhU3yDgGHTb6CloQ2ZgBCBA : 200 : working fine
https://www.google.com/setprefs?sig=0_7TBV_2twrB96ZQxiU7iYMSTAchM%3D&hl=bn&source=homepage&sa=X&ved=0ahUKEwiz-t-Cg8v8AhU3yDgGHTb6CloQ2ZgBCBE : 200 : working fine
https://www.google.com/setprefs?sig=0_7TBV_2twrB96ZQxiU7iYMSTAchM%3D&hl=te&source=homepage&sa=X&ved=0ahUKEwiz-t-Cg8v8AhU3yDgGHTb6CloQ2ZgBCBI : 200 : working fine
https://www.google.com/setprefs?sig=0_7TBV_2twrB96ZQxiU7iYMSTAchM%3D&hl=mr&source=homepage&sa=X&ved=0ahUKEwiz-t-Cg8v8AhU3yDgGHTb6CloQ2ZgBCBM : 200 : working fine
https://www.google.com/setprefs?sig=0_7TBV_2twrB96ZQxiU7iYMSTAchM%3D&hl=ta&source=homepage&sa=X&ved=0ahUKEwiz-t-Cg8v8AhU3yDgGHTb6CloQ2ZgBCBQ : 200 : working fine
https://www.google.com/setprefs?sig=0_7TBV_2twrB96ZQxiU7iYMSTAchM%3D&hl=gu&source=homepage&sa=X&ved=0ahUKEwiz-t-Cg8v8AhU3yDgGHTb6CloQ2ZgBCBU : 200 : working fine
https://www.google.com/setprefs?sig=0_7TBV_2twrB96ZQxiU7iYMSTAchM%3D&hl=kn&source=homepage&sa=X&ved=0ahUKEwiz-t-Cg8v8AhU3yDgGHTb6CloQ2ZgBCBY : 200 : working fine
https://www.google.com/setprefs?sig=0_7TBV_2twrB96ZQxiU7iYMSTAchM%3D&hl=ml&source=homepage&sa=X&ved=0ahUKEwiz-t-Cg8v8AhU3yDgGHTb6CloQ2ZgBCBc : 200 : working fine
https://www.google.com/setprefs?sig=0_7TBV_2twrB96ZQxiU7iYMSTAchM%3D&hl=pa&source=homepage&sa=X&ved=0ahUKEwiz-t-Cg8v8AhU3yDgGHTb6CloQ2ZgBCBg : 200 : working fine
https://about.google/?utm_source=google-IN&utm_medium=referral&utm_campaign=hp-footer&fg=1 : 200 : working fine
https://www.google.com/intl/en_in/ads/?subid=ww-ww-et-g-awa-a-g_hpafoot1_1!o2&utm_source=google.com&utm_medium=referral&utm_campaign=google_hpafooter&fg=1 : 200 : working fine
https://www.google.com/services/?subid=ww-ww-et-g-awa-a-g_hpbfoot1_1!o2&utm_source=google.com&utm_medium=referral&utm_campaign=google_hpbfooter&fg=1 : 200 : working fine
https://google.com/search/howsearchworks/?fg=1 : 200 : working fine
https://policies.google.com/privacy?hl=en-IN&fg=1 : 200 : working fine
https://policies.google.com/terms?hl=en-IN&fg=1 : 200 : working fine
https://www.google.com/preferences?hl=en-IN&fg=1 : 200 : working fine
https://www.google.com/advanced_search?hl=en-IN&fg=1 : 200 : working fine
https://www.google.com/history/privacyadvisor/search/unauth?utm_source=googlemenu&fg=1&cctld=com : 200 : working fine
https://www.google.com/history/optout?hl=en-IN&fg=1 : 200 : working fine
https://support.google.com/websearch/?p=ws_results_help&hl=en-IN&fg=1 : 200 : working fine
]]></system-out>
    <system-err><![CDATA[Starting ChromeDriver 108.0.5359.71 (1e0e3868ee06e91ad636a874420e3ca3ae3756ac-refs/branch-heads/5359@{#1016}) on port 40009
Only local connections are allowed.
Please see https://chromedriver.chromium.org/security-considerations for suggestions on keeping ChromeDriver safe.
ChromeDriver was started successfully.
[1673835463.691][WARNING]: This version of ChromeDriver has not been tested with Chrome version 109.
Jan 16, 2023 7:47:44 AM org.openqa.selenium.devtools.CdpVersionFinder findNearestMatch
WARNING: Unable to find an exact match for CDP version 109, so returning the closest version found: 107
]]></system-err>
  </testcase>
</testsuite>