<?xml version="1.0" encoding="UTF-8"?>
<!-- Generated by org.testng.reporters.JUnitXMLReporter -->
<testsuite hostname="Shivansh-PC" name="Test" tests="4" failures="0" timestamp="16 Jan 2023 02:18:48 GMT" time="66.394" errors="0">
  <testcase name="brokenLinks" time="15.601" classname="testcases.FindBrokenLinksTestCase"/>
  <testcase name="verifyLogOut" time="11.033" classname="testcases.LoginTestCase"/>
  <testcase name="verifyValidLogin" time="5.446" classname="testcases.LoginTestCase"/>
  <testcase name="readExcelFile" time="0.004" classname="testcases.VerifyExcel"/>
</testsuite> <!-- Test -->
